<?xml version="1.0" encoding="UTF-8"?>
<!-- Generated by org.testng.reporters.JUnitReportReporter -->
<testsuite skipped="0" hostname="PC-20170517HOOD" name="com.wang.cases.LoginCase" tests="1" failures="0"
           timestamp="30 十一月 2018 02:23:30 GMT" time="1.114" errors="0">
    <testcase name="f" time="1.114" classname="com.wang.cases.LoginCase"/>
</testsuite> <!-- com.wang.cases.LoginCase -->
