<?xml version="1.0" encoding="UTF-8"?>
<!-- Generated by org.testng.reporters.JUnitReportReporter -->
<testsuite skipped="0" hostname="PC-20170517HOOD" name="com.wang.cases.LoginTest" tests="1" failures="0" timestamp="03 一月 2019 10:04:22 GMT" time="0.955" errors="0">
  <testcase name="loginTest" time="0.955" classname="com.wang.cases.LoginTest"/>
</testsuite> <!-- com.wang.cases.LoginTest -->
