<?xml version="1.0" encoding="UTF-8"?>
<!-- Generated by org.testng.reporters.JUnitReportReporter -->
<testsuite skipped="0" hostname="PC-20170517HOOD" name="com.wang.test.NewTest" tests="1" failures="0"
           timestamp="27 十一月 2018 03:33:00 GMT" time="0.431" errors="0">
    <testcase name="f" time="0.431" classname="com.wang.test.NewTest"/>
</testsuite> <!-- com.wang.test.NewTest -->
